# JRE version: Java(TM) SE Runtime Environment (8.0_111-b14) (build 1.8.0_111-b14)
# Java VM: Java HotSpot(TM) 64-Bit Server VM (25.111-b14 mixed mode linux-amd64 compressed oops)
Heap:
 par new generation   total 613440K, used 527028K [0x0000000080000000, 0x00000000a9990000, 0x00000000a9990000)
  eden space 545344K,  96% used [0x0000000080000000, 0x00000000a0228d40, 0x00000000a1490000)
  from space 68096K,   0% used [0x00000000a5710000, 0x00000000a5794360, 0x00000000a9990000)
  to   space 68096K,   0% used [0x00000000a1490000, 0x00000000a1490000, 0x00000000a5710000)
 concurrent mark-sweep generation total 1415616K, used 53625K [0x00000000a9990000, 0x0000000100000000, 0x0000000100000000)
 Metaspace       used 48340K, capacity 51377K, committed 51452K, reserved 1093632K
  class space    used 6492K, capacity 7485K, committed 7512K, reserved 1048576K
GC Heap History (10 events):
Event: 21.636 GC heap before
{Heap before GC invocations=0 (full 1):
 par new generation   total 613440K, used 545344K [0x0000000080000000, 0x00000000a9990000, 0x00000000a9990000)
  eden space 545344K, 100% used [0x0000000080000000, 0x00000000a1490000, 0x00000000a1490000)
  from space 68096K,   0% used [0x00000000a1490000, 0x00000000a1490000, 0x00000000a5710000)
  to   space 68096K,   0% used [0x00000000a5710000, 0x00000000a5710000, 0x00000000a9990000)
 concurrent mark-sweep generation total 1415616K, used 0K [0x00000000a9990000, 0x0000000100000000, 0x0000000100000000)
 Metaspace       used 41007K, capacity 43525K, committed 43644K, reserved 1087488K
  class space    used 5646K, capacity 6555K, committed 6616K, reserved 1048576K
Event: 21.693 GC heap after
Heap after GC invocations=1 (full 1):
 par new generation   total 613440K, used 47445K [0x0000000080000000, 0x00000000a9990000, 0x00000000a9990000)
  eden space 545344K,   0% used [0x0000000080000000, 0x0000000080000000, 0x00000000a1490000)
  from space 68096K,  69% used [0x00000000a5710000, 0x00000000a8565578, 0x00000000a9990000)
  to   space 68096K,   0% used [0x00000000a1490000, 0x00000000a1490000, 0x00000000a5710000)
 concurrent mark-sweep generation total 1415616K, used 0K [0x00000000a9990000, 0x0000000100000000, 0x0000000100000000)
 Metaspace       used 41007K, capacity 43525K, committed 43644K, reserved 1087488K
  class space    used 5646K, capacity 6555K, committed 6616K, reserved 1048576K
}
Event: 6009.985 GC heap before
{Heap before GC invocations=1 (full 1):
 par new generation   total 613440K, used 592789K [0x0000000080000000, 0x00000000a9990000, 0x00000000a9990000)
  eden space 545344K, 100% used [0x0000000080000000, 0x00000000a1490000, 0x00000000a1490000)
  from space 68096K,  69% used [0x00000000a5710000, 0x00000000a8565578, 0x00000000a9990000)
  to   space 68096K,   0% used [0x00000000a1490000, 0x00000000a1490000, 0x00000000a5710000)
 concurrent mark-sweep generation total 1415616K, used 0K [0x00000000a9990000, 0x0000000100000000, 0x0000000100000000)
 Metaspace       used 47375K, capacity 50361K, committed 50556K, reserved 1093632K
  class space    used 6395K, capacity 7373K, committed 7384K, reserved 1048576K
Event: 6012.312 GC heap after
Heap after GC invocations=2 (full 1):
 par new generation   total 613440K, used 66980K [0x0000000080000000, 0x00000000a9990000, 0x00000000a9990000)
  eden space 545344K,   0% used [0x0000000080000000, 0x0000000080000000, 0x00000000a1490000)
  from space 68096K,  98% used [0x00000000a1490000, 0x00000000a55f9030, 0x00000000a5710000)
  to   space 68096K,   0% used [0x00000000a5710000, 0x00000000a5710000, 0x00000000a9990000)
 concurrent mark-sweep generation total 1415616K, used 33052K [0x00000000a9990000, 0x0000000100000000, 0x0000000100000000)
 Metaspace       used 47375K, capacity 50361K, committed 50556K, reserved 1093632K
  class space    used 6395K, capacity 7373K, committed 7384K, reserved 1048576K
}
Event: 16701.388 GC heap before
{Heap before GC invocations=2 (full 1):
 par new generation   total 613440K, used 612324K [0x0000000080000000, 0x00000000a9990000, 0x00000000a9990000)
  eden space 545344K, 100% used [0x0000000080000000, 0x00000000a1490000, 0x00000000a1490000)
  from space 68096K,  98% used [0x00000000a1490000, 0x00000000a55f9030, 0x00000000a5710000)
  to   space 68096K,   0% used [0x00000000a5710000, 0x00000000a5710000, 0x00000000a9990000)
 concurrent mark-sweep generation total 1415616K, used 33052K [0x00000000a9990000, 0x0000000100000000, 0x0000000100000000)
 Metaspace       used 47569K, capacity 50563K, committed 50812K, reserved 1093632K
  class space    used 6398K, capacity 7374K, committed 7384K, reserved 1048576K
Event: 16704.988 GC heap after
Heap after GC invocations=3 (full 1):
 par new generation   total 613440K, used 4613K [0x0000000080000000, 0x00000000a9990000, 0x00000000a9990000)
  eden space 545344K,   0% used [0x0000000080000000, 0x0000000080000000, 0x00000000a1490000)
  from space 68096K,   6% used [0x00000000a5710000, 0x00000000a5b91650, 0x00000000a9990000)
  to   space 68096K,   0% used [0x00000000a1490000, 0x00000000a1490000, 0x00000000a5710000)
 concurrent mark-sweep generation total 1415616K, used 53625K [0x00000000a9990000, 0x0000000100000000, 0x0000000100000000)
 Metaspace       used 47569K, capacity 50563K, committed 50812K, reserved 1093632K
  class space    used 6398K, capacity 7374K, committed 7384K, reserved 1048576K
}
Event: 27332.521 GC heap before
{Heap before GC invocations=3 (full 1):
 par new generation   total 613440K, used 549957K [0x0000000080000000, 0x00000000a9990000, 0x00000000a9990000)
  eden space 545344K, 100% used [0x0000000080000000, 0x00000000a1490000, 0x00000000a1490000)
  from space 68096K,   6% used [0x00000000a5710000, 0x00000000a5b91650, 0x00000000a9990000)
  to   space 68096K,   0% used [0x00000000a1490000, 0x00000000a1490000, 0x00000000a5710000)
 concurrent mark-sweep generation total 1415616K, used 53625K [0x00000000a9990000, 0x0000000100000000, 0x0000000100000000)
 Metaspace       used 47594K, capacity 50627K, committed 50812K, reserved 1093632K
  class space    used 6398K, capacity 7374K, committed 7384K, reserved 1048576K
Event: 27332.567 GC heap after
Heap after GC invocations=4 (full 1):
 par new generation   total 613440K, used 1198K [0x0000000080000000, 0x00000000a9990000, 0x00000000a9990000)
  eden space 545344K,   0% used [0x0000000080000000, 0x0000000080000000, 0x00000000a1490000)
  from space 68096K,   1% used [0x00000000a1490000, 0x00000000a15bb8c0, 0x00000000a5710000)
  to   space 68096K,   0% used [0x00000000a5710000, 0x00000000a5710000, 0x00000000a9990000)
 concurrent mark-sweep generation total 1415616K, used 53625K [0x00000000a9990000, 0x0000000100000000, 0x0000000100000000)
 Metaspace       used 47594K, capacity 50627K, committed 50812K, reserved 1093632K
  class space    used 6398K, capacity 7374K, committed 7384K, reserved 1048576K
}
Event: 37781.183 GC heap before
{Heap before GC invocations=4 (full 1):
 par new generation   total 613440K, used 546542K [0x0000000080000000, 0x00000000a9990000, 0x00000000a9990000)
  eden space 545344K, 100% used [0x0000000080000000, 0x00000000a1490000, 0x00000000a1490000)
  from space 68096K,   1% used [0x00000000a1490000, 0x00000000a15bb8c0, 0x00000000a5710000)
  to   space 68096K,   0% used [0x00000000a5710000, 0x00000000a5710000, 0x00000000a9990000)
 concurrent mark-sweep generation total 1415616K, used 53625K [0x00000000a9990000, 0x0000000100000000, 0x0000000100000000)
 Metaspace       used 47595K, capacity 50627K, committed 50812K, reserved 1093632K
  class space    used 6399K, capacity 7374K, committed 7384K, reserved 1048576K
Event: 37781.223 GC heap after
Heap after GC invocations=5 (full 1):
 par new generation   total 613440K, used 528K [0x0000000080000000, 0x00000000a9990000, 0x00000000a9990000)
  eden space 545344K,   0% used [0x0000000080000000, 0x0000000080000000, 0x00000000a1490000)
  from space 68096K,   0% used [0x00000000a5710000, 0x00000000a5794360, 0x00000000a9990000)
  to   space 68096K,   0% used [0x00000000a1490000, 0x00000000a1490000, 0x00000000a5710000)
 concurrent mark-sweep generation total 1415616K, used 53625K [0x00000000a9990000, 0x0000000100000000, 0x0000000100000000)
 Metaspace       used 47595K, capacity 50627K, committed 50812K, reserved 1093632K
  class space    used 6399K, capacity 7374K, committed 7384K, reserved 1048576K
}

