# JRE version: Java(TM) SE Runtime Environment (8.0_111-b14) (build 1.8.0_111-b14)
# Java VM: Java HotSpot(TM) 64-Bit Server VM (25.111-b14 mixed mode linux-amd64 compressed oops)
Heap:
 par new generation   total 613440K, used 11675K [0x0000000080000000, 0x00000000a9990000, 0x00000000a9990000)
  eden space 545344K,   1% used [0x0000000080000000, 0x0000000080570180, 0x00000000a1490000)
  from space 68096K,   8% used [0x00000000a5710000, 0x00000000a5d06bc8, 0x00000000a9990000)
  to   space 68096K,   0% used [0x00000000a1490000, 0x00000000a1490000, 0x00000000a5710000)
 concurrent mark-sweep generation total 1415616K, used 300714K [0x00000000a9990000, 0x0000000100000000, 0x0000000100000000)
 Metaspace       used 51761K, capacity 54874K, committed 55124K, reserved 1097728K
  class space    used 6726K, capacity 7756K, committed 7824K, reserved 1048576K
GC Heap History (10 events):
Event: 121.694 GC heap before
{Heap before GC invocations=0 (full 1):
 par new generation   total 613440K, used 545344K [0x0000000080000000, 0x00000000a9990000, 0x00000000a9990000)
  eden space 545344K, 100% used [0x0000000080000000, 0x00000000a1490000, 0x00000000a1490000)
  from space 68096K,   0% used [0x00000000a1490000, 0x00000000a1490000, 0x00000000a5710000)
  to   space 68096K,   0% used [0x00000000a5710000, 0x00000000a5710000, 0x00000000a9990000)
 concurrent mark-sweep generation total 1415616K, used 0K [0x00000000a9990000, 0x0000000100000000, 0x0000000100000000)
 Metaspace       used 41031K, capacity 43528K, committed 43656K, reserved 1087488K
  class space    used 5655K, capacity 6557K, committed 6596K, reserved 1048576K
Event: 122.049 GC heap after
Heap after GC invocations=1 (full 1):
 par new generation   total 613440K, used 47438K [0x0000000080000000, 0x00000000a9990000, 0x00000000a9990000)
  eden space 545344K,   0% used [0x0000000080000000, 0x0000000080000000, 0x00000000a1490000)
  from space 68096K,  69% used [0x00000000a5710000, 0x00000000a8563b10, 0x00000000a9990000)
  to   space 68096K,   0% used [0x00000000a1490000, 0x00000000a1490000, 0x00000000a5710000)
 concurrent mark-sweep generation total 1415616K, used 0K [0x00000000a9990000, 0x0000000100000000, 0x0000000100000000)
 Metaspace       used 41031K, capacity 43528K, committed 43656K, reserved 1087488K
  class space    used 5655K, capacity 6557K, committed 6596K, reserved 1048576K
}
Event: 347.651 GC heap before
{Heap before GC invocations=1 (full 2):
 par new generation   total 613440K, used 586524K [0x0000000080000000, 0x00000000a9990000, 0x00000000a9990000)
  eden space 545344K,  98% used [0x0000000080000000, 0x00000000a0e73568, 0x00000000a1490000)
  from space 68096K,  69% used [0x00000000a5710000, 0x00000000a8563b10, 0x00000000a9990000)
  to   space 68096K,   0% used [0x00000000a1490000, 0x00000000a1490000, 0x00000000a5710000)
 concurrent mark-sweep generation total 1415616K, used 0K [0x00000000a9990000, 0x0000000100000000, 0x0000000100000000)
 Metaspace       used 49208K, capacity 52180K, committed 52436K, reserved 1093632K
  class space    used 6641K, capacity 7623K, committed 7696K, reserved 1048576K
Event: 349.866 GC heap after
Heap after GC invocations=2 (full 2):
 par new generation   total 613440K, used 68096K [0x0000000080000000, 0x00000000a9990000, 0x00000000a9990000)
  eden space 545344K,   0% used [0x0000000080000000, 0x0000000080000000, 0x00000000a1490000)
  from space 68096K, 100% used [0x00000000a1490000, 0x00000000a5710000, 0x00000000a5710000)
  to   space 68096K,   0% used [0x00000000a5710000, 0x00000000a5710000, 0x00000000a9990000)
 concurrent mark-sweep generation total 1415616K, used 141146K [0x00000000a9990000, 0x0000000100000000, 0x0000000100000000)
 Metaspace       used 49208K, capacity 52180K, committed 52436K, reserved 1093632K
  class space    used 6641K, capacity 7623K, committed 7696K, reserved 1048576K
}
Event: 370.022 GC heap before
{Heap before GC invocations=2 (full 2):
 par new generation   total 613440K, used 613440K [0x0000000080000000, 0x00000000a9990000, 0x00000000a9990000)
  eden space 545344K, 100% used [0x0000000080000000, 0x00000000a1490000, 0x00000000a1490000)
  from space 68096K, 100% used [0x00000000a1490000, 0x00000000a5710000, 0x00000000a5710000)
  to   space 68096K,   0% used [0x00000000a5710000, 0x00000000a5710000, 0x00000000a9990000)
 concurrent mark-sweep generation total 1415616K, used 141146K [0x00000000a9990000, 0x0000000100000000, 0x0000000100000000)
 Metaspace       used 50866K, capacity 53872K, committed 54100K, reserved 1095680K
  class space    used 6714K, capacity 7721K, committed 7824K, reserved 1048576K
Event: 383.702 GC heap after
Heap after GC invocations=3 (full 2):
 par new generation   total 613440K, used 68096K [0x0000000080000000, 0x00000000a9990000, 0x00000000a9990000)
  eden space 545344K,   0% used [0x0000000080000000, 0x0000000080000000, 0x00000000a1490000)
  from space 68096K, 100% used [0x00000000a5710000, 0x00000000a9990000, 0x00000000a9990000)
  to   space 68096K,   0% used [0x00000000a1490000, 0x00000000a1490000, 0x00000000a5710000)
 concurrent mark-sweep generation total 1415616K, used 247795K [0x00000000a9990000, 0x0000000100000000, 0x0000000100000000)
 Metaspace       used 50866K, capacity 53872K, committed 54100K, reserved 1095680K
  class space    used 6714K, capacity 7721K, committed 7824K, reserved 1048576K
}
Event: 557.697 GC heap before
{Heap before GC invocations=3 (full 2):
 par new generation   total 613440K, used 613440K [0x0000000080000000, 0x00000000a9990000, 0x00000000a9990000)
  eden space 545344K, 100% used [0x0000000080000000, 0x00000000a1490000, 0x00000000a1490000)
  from space 68096K, 100% used [0x00000000a5710000, 0x00000000a9990000, 0x00000000a9990000)
  to   space 68096K,   0% used [0x00000000a1490000, 0x00000000a1490000, 0x00000000a5710000)
 concurrent mark-sweep generation total 1415616K, used 247795K [0x00000000a9990000, 0x0000000100000000, 0x0000000100000000)
 Metaspace       used 51507K, capacity 54624K, committed 54868K, reserved 1095680K
  class space    used 6715K, capacity 7721K, committed 7824K, reserved 1048576K
Event: 565.689 GC heap after
Heap after GC invocations=4 (full 2):
 par new generation   total 613440K, used 17388K [0x0000000080000000, 0x00000000a9990000, 0x00000000a9990000)
  eden space 545344K,   0% used [0x0000000080000000, 0x0000000080000000, 0x00000000a1490000)
  from space 68096K,  25% used [0x00000000a1490000, 0x00000000a258b0b0, 0x00000000a5710000)
  to   space 68096K,   0% used [0x00000000a5710000, 0x00000000a5710000, 0x00000000a9990000)
 concurrent mark-sweep generation total 1415616K, used 300714K [0x00000000a9990000, 0x0000000100000000, 0x0000000100000000)
 Metaspace       used 51507K, capacity 54624K, committed 54868K, reserved 1095680K
  class space    used 6715K, capacity 7721K, committed 7824K, reserved 1048576K
}
Event: 1815.984 GC heap before
{Heap before GC invocations=4 (full 2):
 par new generation   total 613440K, used 562732K [0x0000000080000000, 0x00000000a9990000, 0x00000000a9990000)
  eden space 545344K, 100% used [0x0000000080000000, 0x00000000a1490000, 0x00000000a1490000)
  from space 68096K,  25% used [0x00000000a1490000, 0x00000000a258b0b0, 0x00000000a5710000)
  to   space 68096K,   0% used [0x00000000a5710000, 0x00000000a5710000, 0x00000000a9990000)
 concurrent mark-sweep generation total 1415616K, used 300714K [0x00000000a9990000, 0x0000000100000000, 0x0000000100000000)
 Metaspace       used 51761K, capacity 54874K, committed 55124K, reserved 1097728K
  class space    used 6726K, capacity 7756K, committed 7824K, reserved 1048576K
Event: 1816.275 GC heap after
Heap after GC invocations=5 (full 2):
 par new generation   total 613440K, used 6106K [0x0000000080000000, 0x00000000a9990000, 0x00000000a9990000)
  eden space 545344K,   0% used [0x0000000080000000, 0x0000000080000000, 0x00000000a1490000)
  from space 68096K,   8% used [0x00000000a5710000, 0x00000000a5d06bc8, 0x00000000a9990000)
  to   space 68096K,   0% used [0x00000000a1490000, 0x00000000a1490000, 0x00000000a5710000)
 concurrent mark-sweep generation total 1415616K, used 300714K [0x00000000a9990000, 0x0000000100000000, 0x0000000100000000)
 Metaspace       used 51761K, capacity 54874K, committed 55124K, reserved 1097728K
  class space    used 6726K, capacity 7756K, committed 7824K, reserved 1048576K
}

